<?xml version="1.0" encoding="UTF-8"?>
<testng-results ignored="0" total="1" passed="1" failed="0" skipped="0">
  <reporter-output>
  </reporter-output>
  <suite started-at="2026-05-29T13:46:29 IST" name="Flipkart Suite" finished-at="2026-05-29T13:47:03 IST" duration-ms="34119">
    <groups>
      <group name="cucumber">
        <method signature="AbstractTestNGCucumberTests.runScenario(io.cucumber.testng.PickleWrapper,io.cucumber.testng.FeatureWrapper)[pri:0, instance:com.flipkart.runner.TestRunner@5e0e82ae]" name="runScenario" class="io.cucumber.testng.AbstractTestNGCucumberTests"/>
      </group> <!-- cucumber -->
    </groups>
    <test started-at="2026-05-29T13:46:29 IST" name="Cucumber Test" finished-at="2026-05-29T13:47:03 IST" duration-ms="34119">
      <class name="com.flipkart.runner.TestRunner">
        <test-method is-config="true" signature="setUpClass(org.testng.ITestContext)[pri:0, instance:com.flipkart.runner.TestRunner@5e0e82ae]" started-at="2026-05-29T13:46:29 IST" name="setUpClass" finished-at="2026-05-29T13:46:30 IST" duration-ms="1034" status="PASS">
          <params>
            <param index="0">
              <value>
                <![CDATA[org.testng.TestRunner@28f9fedd]]>
              </value>
            </param>
          </params>
          <reporter-output>
          </reporter-output>
        </test-method> <!-- setUpClass -->
        <test-method signature="runScenario(io.cucumber.testng.PickleWrapper,io.cucumber.testng.FeatureWrapper)[pri:0, instance:com.flipkart.runner.TestRunner@5e0e82ae]" started-at="2026-05-29T13:46:30 IST" name="runScenario" description="Runs Cucumber Scenarios" data-provider="scenarios" finished-at="2026-05-29T13:47:03 IST" duration-ms="32945" status="PASS">
          <params>
            <param index="0">
              <value>
                <![CDATA["product selection"]]>
              </value>
            </param>
            <param index="1">
              <value>
                <![CDATA["To test Flipkart functionality"]]>
              </value>
            </param>
          </params>
          <reporter-output>
          </reporter-output>
        </test-method> <!-- runScenario -->
        <test-method is-config="true" signature="tearDownClass()[pri:0, instance:com.flipkart.runner.TestRunner@5e0e82ae]" started-at="2026-05-29T13:47:03 IST" name="tearDownClass" finished-at="2026-05-29T13:47:03 IST" duration-ms="67" status="PASS">
          <reporter-output>
          </reporter-output>
        </test-method> <!-- tearDownClass -->
      </class> <!-- com.flipkart.runner.TestRunner -->
    </test> <!-- Cucumber Test -->
  </suite> <!-- Flipkart Suite -->
</testng-results>
