<?xml version="1.0" encoding="UTF-8"?>
<testng-results ignored="0" total="1" passed="1" failed="0" skipped="0">
  <reporter-output>
  </reporter-output>
  <suite started-at="2026-05-29T12:09:37 IST" name="Default suite" finished-at="2026-05-29T12:10:10 IST" duration-ms="32792">
    <groups>
      <group name="cucumber">
        <method signature="AbstractTestNGCucumberTests.runScenario(io.cucumber.testng.PickleWrapper,io.cucumber.testng.FeatureWrapper)[pri:0, instance:com.flipkart.runner.testrunner@4e50c791]" name="runScenario" class="io.cucumber.testng.AbstractTestNGCucumberTests"/>
      </group> <!-- cucumber -->
    </groups>
    <test started-at="2026-05-29T12:09:37 IST" name="Default test" finished-at="2026-05-29T12:10:10 IST" duration-ms="32792">
      <class name="com.flipkart.runner.testrunner">
        <test-method is-config="true" signature="setUpClass(org.testng.ITestContext)[pri:0, instance:com.flipkart.runner.testrunner@4e50c791]" started-at="2026-05-29T12:09:37 IST" name="setUpClass" finished-at="2026-05-29T12:09:38 IST" duration-ms="1110" status="PASS">
          <params>
            <param index="0">
              <value>
                <![CDATA[org.testng.TestRunner@4667c4c1]]>
              </value>
            </param>
          </params>
          <reporter-output>
          </reporter-output>
        </test-method> <!-- setUpClass -->
        <test-method signature="runScenario(io.cucumber.testng.PickleWrapper,io.cucumber.testng.FeatureWrapper)[pri:0, instance:com.flipkart.runner.testrunner@4e50c791]" started-at="2026-05-29T12:09:38 IST" name="runScenario" description="Runs Cucumber Scenarios" data-provider="scenarios" finished-at="2026-05-29T12:10:10 IST" duration-ms="31584" status="PASS">
          <params>
            <param index="0">
              <value>
                <![CDATA["product selection"]]>
              </value>
            </param>
            <param index="1">
              <value>
                <![CDATA["To test Flipkart functionality"]]>
              </value>
            </param>
          </params>
          <reporter-output>
          </reporter-output>
        </test-method> <!-- runScenario -->
        <test-method is-config="true" signature="tearDownClass()[pri:0, instance:com.flipkart.runner.testrunner@4e50c791]" started-at="2026-05-29T12:10:10 IST" name="tearDownClass" finished-at="2026-05-29T12:10:10 IST" duration-ms="23" status="PASS">
          <reporter-output>
          </reporter-output>
        </test-method> <!-- tearDownClass -->
      </class> <!-- com.flipkart.runner.testrunner -->
    </test> <!-- Default test -->
  </suite> <!-- Default suite -->
</testng-results>
