<?xml version="1.0" encoding="UTF-8"?>
<!-- Generated by org.testng.reporters.JUnitReportReporter -->
<testsuite hostname="UTKARSH" failures="0" tests="3" name="runner.testrunner" time="62.872" errors="0" timestamp="2026-05-25T17:11:44 IST" skipped="0">
  <testcase classname="runner.testrunner" name="runScenario" time="14.065"/>
  <testcase classname="runner.testrunner" name="runScenario" time="30.161"/>
  <testcase classname="runner.testrunner" name="runScenario" time="18.646"/>
</testsuite> <!-- runner.testrunner -->
